This is pdfTeX, Version 3.141592653-2.6-1.40.25 (MiKTeX 24.1) (preloaded format=pdflatex 2024.11.5)  29 NOV 2024 16:09
entering extended mode
 restricted \write18 enabled.
 file:line:error style messages enabled.
 %&-line parsing enabled.
**c:/Users/Dell/Desktop/BME/7.felev/Szakdolgozat/DiplomatervSablon_LaTeX_v1/thesis.tex
(c:/Users/Dell/Desktop/BME/7.felev/Szakdolgozat/DiplomatervSablon_LaTeX_v1/thesis.tex
LaTeX2e <2023-11-01> patch level 1
L3 programming layer <2024-01-04>
(C:\Users\Dell\AppData\Local\Programs\MiKTeX\tex/latex/base\report.cls
Document Class: report 2023/05/17 v1.4n Standard LaTeX document class
(C:\Users\Dell\AppData\Local\Programs\MiKTeX\tex/latex/base\size11.clo
File: size11.clo 2023/05/17 v1.4n Standard LaTeX file (size option)
)
\c@part=\count187
\c@chapter=\count188
\c@section=\count189
\c@subsection=\count190
\c@subsubsection=\count191
\c@paragraph=\count192
\c@subparagraph=\count193
\c@figure=\count194
\c@table=\count195
\abovecaptionskip=\skip48
\belowcaptionskip=\skip49
\bibindent=\dimen140
) (include/packages.tex (C:\Users\Dell\AppData\Local\Programs\MiKTeX\tex/generic/iftex\ifxetex.sty
Package: ifxetex 2019/10/25 v0.7 ifxetex legacy package. Use iftex instead.
 (C:\Users\Dell\AppData\Local\Programs\MiKTeX\tex/generic/iftex\iftex.sty
Package: iftex 2022/02/03 v1.0f TeX engine tests
)) (C:\Users\Dell\AppData\Local\Programs\MiKTeX\tex/generic/iftex\ifluatex.sty
Package: ifluatex 2019/10/25 v1.5 ifluatex legacy package. Use iftex instead.
) (C:\Users\Dell\AppData\Local\Programs\MiKTeX\tex/latex/base\fontenc.sty
Package: fontenc 2021/04/29 v2.0v Standard LaTeX package
) (C:\Users\Dell\AppData\Local\Programs\MiKTeX\tex/latex/base\inputenc.sty
Package: inputenc 2021/02/14 v1.3d Input encoding file
\inpenc@prehook=\toks17
\inpenc@posthook=\toks18
) (C:\Users\Dell\AppData\Local\Programs\MiKTeX\tex/latex/lm\lmodern.sty
Package: lmodern 2015/05/01 v1.6.1 Latin Modern Fonts
LaTeX Font Info:    Overwriting symbol font `operators' in version `normal'
(Font)                  OT1/cmr/m/n --> OT1/lmr/m/n on input line 22.
LaTeX Font Info:    Overwriting symbol font `letters' in version `normal'
(Font)                  OML/cmm/m/it --> OML/lmm/m/it on input line 23.
LaTeX Font Info:    Overwriting symbol font `symbols' in version `normal'
(Font)                  OMS/cmsy/m/n --> OMS/lmsy/m/n on input line 24.
LaTeX Font Info:    Overwriting symbol font `largesymbols' in version `normal'
(Font)                  OMX/cmex/m/n --> OMX/lmex/m/n on input line 25.
LaTeX Font Info:    Overwriting symbol font `operators' in version `bold'
(Font)                  OT1/cmr/bx/n --> OT1/lmr/bx/n on input line 26.
LaTeX Font Info:    Overwriting symbol font `letters' in version `bold'
(Font)                  OML/cmm/b/it --> OML/lmm/b/it on input line 27.
LaTeX Font Info:    Overwriting symbol font `symbols' in version `bold'
(Font)                  OMS/cmsy/b/n --> OMS/lmsy/b/n on input line 28.
LaTeX Font Info:    Overwriting symbol font `largesymbols' in version `bold'
(Font)                  OMX/cmex/m/n --> OMX/lmex/m/n on input line 29.
LaTeX Font Info:    Overwriting math alphabet `\mathbf' in version `normal'
(Font)                  OT1/cmr/bx/n --> OT1/lmr/bx/n on input line 31.
LaTeX Font Info:    Overwriting math alphabet `\mathsf' in version `normal'
(Font)                  OT1/cmss/m/n --> OT1/lmss/m/n on input line 32.
LaTeX Font Info:    Overwriting math alphabet `\mathit' in version `normal'
(Font)                  OT1/cmr/m/it --> OT1/lmr/m/it on input line 33.
LaTeX Font Info:    Overwriting math alphabet `\mathtt' in version `normal'
(Font)                  OT1/cmtt/m/n --> OT1/lmtt/m/n on input line 34.
LaTeX Font Info:    Overwriting math alphabet `\mathbf' in version `bold'
(Font)                  OT1/cmr/bx/n --> OT1/lmr/bx/n on input line 35.
LaTeX Font Info:    Overwriting math alphabet `\mathsf' in version `bold'
(Font)                  OT1/cmss/bx/n --> OT1/lmss/bx/n on input line 36.
LaTeX Font Info:    Overwriting math alphabet `\mathit' in version `bold'
(Font)                  OT1/cmr/bx/it --> OT1/lmr/bx/it on input line 37.
LaTeX Font Info:    Overwriting math alphabet `\mathtt' in version `bold'
(Font)                  OT1/cmtt/m/n --> OT1/lmtt/m/n on input line 38.
) (C:\Users\Dell\AppData\Local\Programs\MiKTeX\tex/generic/babel\babel.sty
Package: babel 2024/01/07 v24.1 The Babel package
\babel@savecnt=\count196
\U@D=\dimen141
\l@unhyphenated=\language79
 (C:\Users\Dell\AppData\Local\Programs\MiKTeX\tex/generic/babel\txtbabel.def)
\bbl@readstream=\read2
\bbl@dirlevel=\count197

*************************************
* Local config file bblopts.cfg used
*
(C:\Users\Dell\AppData\Local\Programs\MiKTeX\tex/latex/arabi\bblopts.cfg
File: bblopts.cfg 2005/09/08 v0.1 add Arabic and Farsi to "declared" options of babel
) (C:\Users\Dell\AppData\Local\Programs\MiKTeX\tex/latex/babel-english\english.ldf
Language: english 2017/06/06 v3.3r English support from the babel system
Package babel Info: Hyphen rules for 'canadian' set to \l@english
(babel)             (\language0). Reported on input line 102.
Package babel Info: Hyphen rules for 'australian' set to \l@ukenglish
(babel)             (\language73). Reported on input line 105.
Package babel Info: Hyphen rules for 'newzealand' set to \l@ukenglish
(babel)             (\language73). Reported on input line 108.
) (magyar.ldf
Language: magyar 2015/11/24 v1.5c Magyar support from the babel v3.7 system
Package babel Info: Making ` an active character on input line 2735.
\c@footnote@add=\count198
\c@footnote@ch=\count199
)) (C:\Users\Dell\AppData\Local\Programs\MiKTeX\tex/generic/babel/locale/hu\babel-magyar.tex
Package babel Info: Importing font and identification data for magyar
(babel)             from babel-hu.ini. Reported on input line 11.
) (C:\Users\Dell\AppData\Local\Programs\MiKTeX\tex/generic/babel/locale/en\babel-english.tex
Package babel Info: Importing font and identification data for english
(babel)             from babel-en.ini. Reported on input line 11.
) (C:\Users\Dell\AppData\Local\Programs\MiKTeX\tex/latex/amsfonts\amsfonts.sty
Package: amsfonts 2013/01/14 v3.01 Basic AMSFonts support
\@emptytoks=\toks19
\symAMSa=\mathgroup4
\symAMSb=\mathgroup5
LaTeX Font Info:    Redeclaring math symbol \hbar on input line 98.
LaTeX Font Info:    Overwriting math alphabet `\mathfrak' in version `bold'
(Font)                  U/euf/m/n --> U/euf/b/n on input line 106.
) (C:\Users\Dell\AppData\Local\Programs\MiKTeX\tex/latex/amsmath\amsmath.sty
Package: amsmath 2023/05/13 v2.17o AMS math features
\@mathmargin=\skip50

For additional information on amsmath, use the `?' option.
(C:\Users\Dell\AppData\Local\Programs\MiKTeX\tex/latex/amsmath\amstext.sty
Package: amstext 2021/08/26 v2.01 AMS text
 (C:\Users\Dell\AppData\Local\Programs\MiKTeX\tex/latex/amsmath\amsgen.sty
File: amsgen.sty 1999/11/30 v2.0 generic functions
\@emptytoks=\toks20
\ex@=\dimen142
)) (C:\Users\Dell\AppData\Local\Programs\MiKTeX\tex/latex/amsmath\amsbsy.sty
Package: amsbsy 1999/11/29 v1.2d Bold Symbols
\pmbraise@=\dimen143
) (C:\Users\Dell\AppData\Local\Programs\MiKTeX\tex/latex/amsmath\amsopn.sty
Package: amsopn 2022/04/08 v2.04 operator names
)
\inf@bad=\count266
LaTeX Info: Redefining \frac on input line 234.
\uproot@=\count267
\leftroot@=\count268
LaTeX Info: Redefining \overline on input line 399.
LaTeX Info: Redefining \colon on input line 410.
\classnum@=\count269
\DOTSCASE@=\count270
LaTeX Info: Redefining \ldots on input line 496.
LaTeX Info: Redefining \dots on input line 499.
LaTeX Info: Redefining \cdots on input line 620.
\Mathstrutbox@=\box51
\strutbox@=\box52
LaTeX Info: Redefining \big on input line 722.
LaTeX Info: Redefining \Big on input line 723.
LaTeX Info: Redefining \bigg on input line 724.
LaTeX Info: Redefining \Bigg on input line 725.
\big@size=\dimen144
LaTeX Font Info:    Redeclaring font encoding OML on input line 743.
LaTeX Font Info:    Redeclaring font encoding OMS on input line 744.
\macc@depth=\count271
LaTeX Info: Redefining \bmod on input line 905.
LaTeX Info: Redefining \pmod on input line 910.
LaTeX Info: Redefining \smash on input line 940.
LaTeX Info: Redefining \relbar on input line 970.
LaTeX Info: Redefining \Relbar on input line 971.
\c@MaxMatrixCols=\count272
\dotsspace@=\muskip16
\c@parentequation=\count273
\dspbrk@lvl=\count274
\tag@help=\toks21
\row@=\count275
\column@=\count276
\maxfields@=\count277
\andhelp@=\toks22
\eqnshift@=\dimen145
\alignsep@=\dimen146
\tagshift@=\dimen147
\tagwidth@=\dimen148
\totwidth@=\dimen149
\lineht@=\dimen150
\@envbody=\toks23
\multlinegap=\skip51
\multlinetaggap=\skip52
\mathdisplay@stack=\toks24
LaTeX Info: Redefining \[ on input line 2953.
LaTeX Info: Redefining \] on input line 2954.
) (C:\Users\Dell\AppData\Local\Programs\MiKTeX\tex/latex/amsfonts\amssymb.sty
Package: amssymb 2013/01/14 v3.01 AMS font symbols
) (C:\Users\Dell\AppData\Local\Programs\MiKTeX\tex/latex/booktabs\booktabs.sty
Package: booktabs 2020/01/12 v1.61803398 Publication quality tables
\heavyrulewidth=\dimen151
\lightrulewidth=\dimen152
\cmidrulewidth=\dimen153
\belowrulesep=\dimen154
\belowbottomsep=\dimen155
\aboverulesep=\dimen156
\abovetopsep=\dimen157
\cmidrulesep=\dimen158
\cmidrulekern=\dimen159
\defaultaddspace=\dimen160
\@cmidla=\count278
\@cmidlb=\count279
\@aboverulesep=\dimen161
\@belowrulesep=\dimen162
\@thisruleclass=\count280
\@lastruleclass=\count281
\@thisrulewidth=\dimen163
) (C:\Users\Dell\AppData\Local\Programs\MiKTeX\tex/latex/graphics\graphicx.sty
Package: graphicx 2021/09/16 v1.2d Enhanced LaTeX Graphics (DPC,SPQR)
 (C:\Users\Dell\AppData\Local\Programs\MiKTeX\tex/latex/graphics\keyval.sty
Package: keyval 2022/05/29 v1.15 key=value parser (DPC)
\KV@toks@=\toks25
) (C:\Users\Dell\AppData\Local\Programs\MiKTeX\tex/latex/graphics\graphics.sty
Package: graphics 2022/03/10 v1.4e Standard LaTeX Graphics (DPC,SPQR)
 (C:\Users\Dell\AppData\Local\Programs\MiKTeX\tex/latex/graphics\trig.sty
Package: trig 2021/08/11 v1.11 sin cos tan (DPC)
) (C:\Users\Dell\AppData\Local\Programs\MiKTeX\tex/latex/graphics-cfg\graphics.cfg
File: graphics.cfg 2016/06/04 v1.11 sample graphics configuration
)
Package graphics Info: Driver file: pdftex.def on input line 107.
 (C:\Users\Dell\AppData\Local\Programs\MiKTeX\tex/latex/graphics-def\pdftex.def
File: pdftex.def 2022/09/22 v1.2b Graphics/color driver for pdftex
))
\Gin@req@height=\dimen164
\Gin@req@width=\dimen165
) (C:\Users\Dell\AppData\Local\Programs\MiKTeX\tex/latex/anysize\anysize.sty
Package: anysize 1994/08/13 setting margin sizes

document style option `anysize' loaded
Michael Salzenberg, Thomas Esser, Dirk Hillbrecht
Version 1.0, Aug 13, 1994
\@Leftmargin=\dimen166
\@Rightmargin=\dimen167
\@Topmargin=\dimen168
\@Bottommargin=\dimen169
) (C:\Users\Dell\AppData\Local\Programs\MiKTeX\tex/latex/setspace\setspace.sty
Package: setspace 2022/12/04 v6.7b set line spacing
) (C:\Users\Dell\AppData\Local\Programs\MiKTeX\tex/latex/hyperref\hyperref.sty
Package: hyperref 2023-11-26 v7.01g Hypertext links for LaTeX
 (C:\Users\Dell\AppData\Local\Programs\MiKTeX\tex/generic/infwarerr\infwarerr.sty
Package: infwarerr 2019/12/03 v1.5 Providing info/warning/error messages (HO)
) (C:\Users\Dell\AppData\Local\Programs\MiKTeX\tex/latex/kvsetkeys\kvsetkeys.sty
Package: kvsetkeys 2022-10-05 v1.19 Key value parser (HO)
) (C:\Users\Dell\AppData\Local\Programs\MiKTeX\tex/generic/kvdefinekeys\kvdefinekeys.sty
Package: kvdefinekeys 2019-12-19 v1.6 Define keys (HO)
) (C:\Users\Dell\AppData\Local\Programs\MiKTeX\tex/generic/pdfescape\pdfescape.sty
Package: pdfescape 2019/12/09 v1.15 Implements pdfTeX's escape features (HO)
 (C:\Users\Dell\AppData\Local\Programs\MiKTeX\tex/generic/ltxcmds\ltxcmds.sty
Package: ltxcmds 2023-12-04 v1.26 LaTeX kernel commands for general use (HO)
) (C:\Users\Dell\AppData\Local\Programs\MiKTeX\tex/generic/pdftexcmds\pdftexcmds.sty
Package: pdftexcmds 2020-06-27 v0.33 Utility functions of pdfTeX for LuaTeX (HO)
Package pdftexcmds Info: \pdf@primitive is available.
Package pdftexcmds Info: \pdf@ifprimitive is available.
Package pdftexcmds Info: \pdfdraftmode found.
)) (C:\Users\Dell\AppData\Local\Programs\MiKTeX\tex/latex/hycolor\hycolor.sty
Package: hycolor 2020-01-27 v1.10 Color options for hyperref/bookmark (HO)
) (C:\Users\Dell\AppData\Local\Programs\MiKTeX\tex/latex/letltxmacro\letltxmacro.sty
Package: letltxmacro 2019/12/03 v1.6 Let assignment for LaTeX macros (HO)
) (C:\Users\Dell\AppData\Local\Programs\MiKTeX\tex/latex/auxhook\auxhook.sty
Package: auxhook 2019-12-17 v1.6 Hooks for auxiliary files (HO)
) (C:\Users\Dell\AppData\Local\Programs\MiKTeX\tex/latex/hyperref\nameref.sty
Package: nameref 2023-11-26 v2.56 Cross-referencing by name of section
 (C:\Users\Dell\AppData\Local\Programs\MiKTeX\tex/latex/refcount\refcount.sty
Package: refcount 2019/12/15 v3.6 Data extraction from label references (HO)
) (C:\Users\Dell\AppData\Local\Programs\MiKTeX\tex/generic/gettitlestring\gettitlestring.sty
Package: gettitlestring 2019/12/15 v1.6 Cleanup title references (HO)
 (C:\Users\Dell\AppData\Local\Programs\MiKTeX\tex/latex/kvoptions\kvoptions.sty
Package: kvoptions 2022-06-15 v3.15 Key value format for package options (HO)
))
\c@section@level=\count282
) (C:\Users\Dell\AppData\Local\Programs\MiKTeX\tex/latex/etoolbox\etoolbox.sty
Package: etoolbox 2020/10/05 v2.5k e-TeX tools for LaTeX (JAW)
\etb@tempcnta=\count283
)
\@linkdim=\dimen170
\Hy@linkcounter=\count284
\Hy@pagecounter=\count285
 (C:\Users\Dell\AppData\Local\Programs\MiKTeX\tex/latex/hyperref\pd1enc.def
File: pd1enc.def 2023-11-26 v7.01g Hyperref: PDFDocEncoding definition (HO)
Now handling font encoding PD1 ...
... no UTF-8 mapping file for font encoding PD1
) (C:\Users\Dell\AppData\Local\Programs\MiKTeX\tex/generic/intcalc\intcalc.sty
Package: intcalc 2019/12/15 v1.3 Expandable calculations with integers (HO)
)
\Hy@SavedSpaceFactor=\count286
 (C:\Users\Dell\AppData\Local\Programs\MiKTeX\tex/latex/hyperref\puenc.def
File: puenc.def 2023-11-26 v7.01g Hyperref: PDF Unicode definition (HO)
Now handling font encoding PU ...
... no UTF-8 mapping file for font encoding PU
)
Package hyperref Info: Option `unicode' set `true' on input line 4064.
Package hyperref Info: Hyper figures OFF on input line 4181.
Package hyperref Info: Link nesting OFF on input line 4186.
Package hyperref Info: Hyper index ON on input line 4189.
Package hyperref Info: Plain pages OFF on input line 4196.
Package hyperref Info: Backreferencing OFF on input line 4201.
Package hyperref Info: Implicit mode ON; LaTeX internals redefined.
Package hyperref Info: Bookmarks ON on input line 4448.
\c@Hy@tempcnt=\count287
 (C:\Users\Dell\AppData\Local\Programs\MiKTeX\tex/latex/url\url.sty
\Urlmuskip=\muskip17
Package: url 2013/09/16  ver 3.4  Verb mode for urls, etc.
)
LaTeX Info: Redefining \url on input line 4786.
\XeTeXLinkMargin=\dimen171
 (C:\Users\Dell\AppData\Local\Programs\MiKTeX\tex/generic/bitset\bitset.sty
Package: bitset 2019/12/09 v1.3 Handle bit-vector datatype (HO)
 (C:\Users\Dell\AppData\Local\Programs\MiKTeX\tex/generic/bigintcalc\bigintcalc.sty
Package: bigintcalc 2019/12/15 v1.5 Expandable calculations on big integers (HO)
))
\Fld@menulength=\count288
\Field@Width=\dimen172
\Fld@charsize=\dimen173
Package hyperref Info: Hyper figures OFF on input line 6065.
Package hyperref Info: Link nesting OFF on input line 6070.
Package hyperref Info: Hyper index ON on input line 6073.
Package hyperref Info: backreferencing OFF on input line 6080.
Package hyperref Info: Link coloring OFF on input line 6085.
Package hyperref Info: Link coloring with OCG OFF on input line 6090.
Package hyperref Info: PDF/A mode OFF on input line 6095.
 (C:\Users\Dell\AppData\Local\Programs\MiKTeX\tex/latex/base\atbegshi-ltx.sty
Package: atbegshi-ltx 2021/01/10 v1.0c Emulation of the original atbegshi
package with kernel methods
)
\Hy@abspage=\count289
\c@Item=\count290
\c@Hfootnote=\count291
)
Package hyperref Info: Driver (autodetected): hpdftex.
 (C:\Users\Dell\AppData\Local\Programs\MiKTeX\tex/latex/hyperref\hpdftex.def
File: hpdftex.def 2023-11-26 v7.01g Hyperref driver for pdfTeX
 (C:\Users\Dell\AppData\Local\Programs\MiKTeX\tex/latex/base\atveryend-ltx.sty
Package: atveryend-ltx 2020/08/19 v1.0a Emulation of the original atveryend package
with kernel methods
)
\Fld@listcount=\count292
\c@bookmark@seq@number=\count293
 (C:\Users\Dell\AppData\Local\Programs\MiKTeX\tex/latex/rerunfilecheck\rerunfilecheck.sty
Package: rerunfilecheck 2022-07-10 v1.10 Rerun checks for auxiliary files (HO)
 (C:\Users\Dell\AppData\Local\Programs\MiKTeX\tex/generic/uniquecounter\uniquecounter.sty
Package: uniquecounter 2019/12/15 v1.4 Provide unlimited unique counter (HO)
)
Package uniquecounter Info: New unique counter `rerunfilecheck' on input line 285.
)
\Hy@SectionHShift=\skip53
) (C:\Users\Dell\AppData\Local\Programs\MiKTeX\tex/latex/xcolor\xcolor.sty
Package: xcolor 2023/11/15 v3.01 LaTeX color extensions (UK)
 (C:\Users\Dell\AppData\Local\Programs\MiKTeX\tex/latex/graphics-cfg\color.cfg
File: color.cfg 2016/01/02 v1.6 sample color configuration
)
Package xcolor Info: Driver file: pdftex.def on input line 274.
 (C:\Users\Dell\AppData\Local\Programs\MiKTeX\tex/latex/graphics\mathcolor.ltx)
Package xcolor Info: Model `cmy' substituted by `cmy0' on input line 1350.
Package xcolor Info: Model `hsb' substituted by `rgb' on input line 1354.
Package xcolor Info: Model `RGB' extended on input line 1366.
Package xcolor Info: Model `HTML' substituted by `rgb' on input line 1368.
Package xcolor Info: Model `Hsb' substituted by `hsb' on input line 1369.
Package xcolor Info: Model `tHsb' substituted by `hsb' on input line 1370.
Package xcolor Info: Model `HSB' substituted by `hsb' on input line 1371.
Package xcolor Info: Model `Gray' substituted by `gray' on input line 1372.
Package xcolor Info: Model `wave' substituted by `hsb' on input line 1373.
) (C:\Users\Dell\AppData\Local\Programs\MiKTeX\tex/latex/listings\listings.sty
\lst@mode=\count294
\lst@gtempboxa=\box53
\lst@token=\toks26
\lst@length=\count295
\lst@currlwidth=\dimen174
\lst@column=\count296
\lst@pos=\count297
\lst@lostspace=\dimen175
\lst@width=\dimen176
\lst@newlines=\count298
\lst@lineno=\count299
\lst@maxwidth=\dimen177
 (C:\Users\Dell\AppData\Local\Programs\MiKTeX\tex/latex/listings\lstmisc.sty
File: lstmisc.sty 2023/02/27 1.9 (Carsten Heinz)
\c@lstnumber=\count300
\lst@skipnumbers=\count301
\lst@framebox=\box54
) (C:\Users\Dell\AppData\Local\Programs\MiKTeX\tex/latex/listings\listings.cfg
File: listings.cfg 2023/02/27 1.9 listings configuration
))
Package: listings 2023/02/27 1.9 (Carsten Heinz)
 (C:\Users\Dell\AppData\Local\Programs\MiKTeX\tex/latex/ntheorem\ntheorem.sty
Style `ntheorem', Version 1.33 <2011/08/15>
Package: ntheorem 2011/08/15 1.33
(C:\Users\Dell\AppData\Local\Programs\MiKTeX\tex/latex/base\ifthen.sty
Package: ifthen 2022/04/13 v1.1d Standard LaTeX ifthen package (DPC)
)
\theorem@style=\toks27
\theorem@@style=\toks28
\theorembodyfont=\toks29
\theoremnumbering=\toks30
\theorempreskipamount=\skip54
\theorempostskipamount=\skip55
\theoremframepreskipamount=\skip56
\theoremframepostskipamount=\skip57
\theoreminframepreskipamount=\skip58
\theoreminframepostskipamount=\skip59
\theorem@preskip=\toks31
\theorem@postskip=\toks32
\theorem@framepreskip=\toks33
\theorem@framepostskip=\toks34
\theorem@inframepreskip=\toks35
\theorem@inframepostskip=\toks36
\theoremindent=\dimen178
\theorem@indent=\dimen179
\theoremrightindent=\dimen180
\theorem@rightindent=\dimen181
\theoremheaderfont=\toks37
\theoremseparator=\toks38
\theoremprework=\toks39
\theorempostwork=\toks40
\theoremsymbol=\toks41
\qedsymbol=\toks42
\theoremkeyword=\toks43
\qedsymbol=\toks44
\thm@topsep=\skip60
\thm@topsepadd=\skip61
Package ntheorem Info: Option `thmmarks' loaded on input line 1175.
\c@endNonectr=\count302
\c@currNonectr=\count303
\mysavskip=\skip62
Package ntheorem Info: option `amsmath' handling for `thmmarks' loaded on input line 1175.
\thm@amstmpdepth=\dimen182
\tagwidth=\dimen183
) (C:\Users\Dell\AppData\Local\Programs\MiKTeX\tex/latex/caption\caption.sty
Package: caption 2023/08/05 v3.6o Customizing captions (AR)
 (C:\Users\Dell\AppData\Local\Programs\MiKTeX\tex/latex/caption\caption3.sty
Package: caption3 2023/07/31 v2.4d caption3 kernel (AR)
\caption@tempdima=\dimen184
\captionmargin=\dimen185
\caption@leftmargin=\dimen186
\caption@rightmargin=\dimen187
\caption@width=\dimen188
\caption@indent=\dimen189
\caption@parindent=\dimen190
\caption@hangindent=\dimen191
Package caption Info: Standard document class detected.
Package caption Info: hungarian babel package is loaded.
)
\c@caption@flags=\count304
\c@continuedfloat=\count305
Package caption Info: hungarian babel package is loaded.
Package caption Info: hyperref package is loaded.
Package caption Info: listings package is loaded.
) (C:\Users\Dell\AppData\Local\Programs\MiKTeX\tex/latex/natbib\natbib.sty
Package: natbib 2010/09/13 8.31b (PWD, AO)
\bibhang=\skip63
\bibsep=\skip64
LaTeX Info: Redefining \cite on input line 694.
\c@NAT@ctr=\count306
) (C:\Users\Dell\AppData\Local\Programs\MiKTeX\tex/latex/tools\xspace.sty
Package: xspace 2014/10/28 v1.13 Space after command names (DPC,MH)
)) (C:\Users\Dell\AppData\Local\Programs\MiKTeX\tex/latex/float\float.sty
Package: float 2001/11/08 v1.3d Float enhancements (AL)
\c@float@type=\count307
\float@exts=\toks45
\float@box=\box55
\@float@everytoks=\toks46
\@floatcapt=\box56
) (include/thesis-hu.tex) (include/preamble.tex
Package hyperref Info: Option `unicode' set `true' on input line 39.
Package hyperref Info: Option `pdfnewwindow' set `true' on input line 39.
Package hyperref Info: Option `colorlinks' set `true' on input line 39.
\c@currexamplectr=\count308
\c@endexamplectr=\count309
\c@example=\count310
\c@currdefinitionctr=\count311
\c@enddefinitionctr=\count312
\c@definition=\count313
\c@currtheoremctr=\count314
\c@endtheoremctr=\count315
\c@theorem=\count316
 (include/kotlin.tex (C:\Users\Dell\AppData\Local\Programs\MiKTeX\tex/latex/graphics\dvipsnam.def
File: dvipsnam.def 2016/06/17 v3.0m Driver-dependent file (DPC,SPQR)
)))
LaTeX Font Info:    Trying to load font information for T1+lmr on input line 38.
 (C:\Users\Dell\AppData\Local\Programs\MiKTeX\tex/latex/lm\t1lmr.fd
File: t1lmr.fd 2015/05/01 v1.6.1 Font defs for Latin Modern
) (C:\Users\Dell\AppData\Local\Programs\MiKTeX\tex/latex/l3backend\l3backend-pdftex.def
File: l3backend-pdftex.def 2024-01-04 L3 backend support: PDF output (pdfTeX)
\l__color_backend_stack_int=\count317
\l__pdf_internal_box=\box57
) (thesis.aux (include/titlepage.aux) (include/declaration.aux) (content/abstract.aux) (content/introduction.aux) (content/specifiation.aux) (content/search.aux) (content/architecture.aux) (content/details.aux) (content/future.aux) (content/summary.aux) (content/acknowledgement.aux) (content/appendices.aux))
\openout1 = `thesis.aux'.

LaTeX Font Info:    Checking defaults for OML/cmm/m/it on input line 38.
LaTeX Font Info:    ... okay on input line 38.
LaTeX Font Info:    Checking defaults for OMS/cmsy/m/n on input line 38.
LaTeX Font Info:    ... okay on input line 38.
LaTeX Font Info:    Checking defaults for OT1/cmr/m/n on input line 38.
LaTeX Font Info:    ... okay on input line 38.
LaTeX Font Info:    Checking defaults for T1/cmr/m/n on input line 38.
LaTeX Font Info:    ... okay on input line 38.
LaTeX Font Info:    Checking defaults for TS1/cmr/m/n on input line 38.
LaTeX Font Info:    ... okay on input line 38.
LaTeX Font Info:    Checking defaults for OMX/cmex/m/n on input line 38.
LaTeX Font Info:    ... okay on input line 38.
LaTeX Font Info:    Checking defaults for U/cmr/m/n on input line 38.
LaTeX Font Info:    ... okay on input line 38.
LaTeX Font Info:    Checking defaults for PD1/pdf/m/n on input line 38.
LaTeX Font Info:    ... okay on input line 38.
LaTeX Font Info:    Checking defaults for PU/pdf/m/n on input line 38.
LaTeX Font Info:    ... okay on input line 38.


LaTeX Warning: Please use \usepackage[latin2]{inputenc}
               or \usepackage[utf8]{inputenc}
               with \usepackage[magyar]{babel}.

(C:\Users\Dell\AppData\Local\Programs\MiKTeX\tex/context/base/mkii\supp-pdf.mkii
[Loading MPS to PDF converter (version 2006.09.02).]
\scratchcounter=\count318
\scratchdimen=\dimen192
\scratchbox=\box58
\nofMPsegments=\count319
\nofMParguments=\count320
\everyMPshowfont=\toks47
\MPscratchCnt=\count321
\MPscratchDim=\dimen193
\MPnumerator=\count322
\makeMPintoPDFobject=\count323
\everyMPtoPDFconversion=\toks48
) (C:\Users\Dell\AppData\Local\Programs\MiKTeX\tex/latex/epstopdf-pkg\epstopdf-base.sty
Package: epstopdf-base 2020-01-24 v2.11 Base part for package epstopdf
Package epstopdf-base Info: Redefining graphics rule for `.eps' on input line 485.
 (C:\Users\Dell\AppData\Local\Programs\MiKTeX\tex/latex/00miktex\epstopdf-sys.cfg
File: epstopdf-sys.cfg 2021/03/18 v2.0 Configuration of epstopdf for MiKTeX
))
Package hyperref Info: Link coloring ON on input line 38.
 (thesis.out) (thesis.out)
\@outlinefile=\write3
\openout3 = `thesis.out'.

\c@lstlisting=\count324
Package caption Info: Begin \AtBeginDocument code.
Package caption Info: float package is loaded.
Package caption Info: End \AtBeginDocument code.
 (C:\Users\Dell\AppData\Local\Programs\MiKTeX\tex/latex/base\report.cls
LaTeX Info: Redefining \cal on input line 577.
LaTeX Info: Redefining \mit on input line 578.
)
\openout2 = `include/titlepage.aux'.

 (include/titlepage.tex
Package hyperref Info: Option `pageanchor' set `false' on input line 1.
<figures/bme_logo.pdf, id=279, 705.63625pt x 188.705pt>
File: figures/bme_logo.pdf Graphic file (type pdf)
<use figures/bme_logo.pdf>
Package pdftex.def Info: figures/bme_logo.pdf  used on input line 7.
(pdftex.def)             Requested size: 170.71652pt x 45.65292pt.
LaTeX Font Info:    Trying to load font information for OT1+lmr on input line 20.
 (C:\Users\Dell\AppData\Local\Programs\MiKTeX\tex/latex/lm\ot1lmr.fd
File: ot1lmr.fd 2015/05/01 v1.6.1 Font defs for Latin Modern
)
LaTeX Font Info:    Trying to load font information for OML+lmm on input line 20.
 (C:\Users\Dell\AppData\Local\Programs\MiKTeX\tex/latex/lm\omllmm.fd
File: omllmm.fd 2015/05/01 v1.6.1 Font defs for Latin Modern
)
LaTeX Font Info:    Trying to load font information for OMS+lmsy on input line 20.
 (C:\Users\Dell\AppData\Local\Programs\MiKTeX\tex/latex/lm\omslmsy.fd
File: omslmsy.fd 2015/05/01 v1.6.1 Font defs for Latin Modern
)
LaTeX Font Info:    Trying to load font information for OMX+lmex on input line 20.
 (C:\Users\Dell\AppData\Local\Programs\MiKTeX\tex/latex/lm\omxlmex.fd
File: omxlmex.fd 2015/05/01 v1.6.1 Font defs for Latin Modern
)
LaTeX Font Info:    External font `lmex10' loaded for size
(Font)              <10.95> on input line 20.
LaTeX Font Info:    External font `lmex10' loaded for size
(Font)              <8> on input line 20.
LaTeX Font Info:    External font `lmex10' loaded for size
(Font)              <6> on input line 20.
LaTeX Font Info:    Trying to load font information for U+msa on input line 20.
 (C:\Users\Dell\AppData\Local\Programs\MiKTeX\tex/latex/amsfonts\umsa.fd
File: umsa.fd 2013/01/14 v3.01 AMS symbols A
)
LaTeX Font Info:    Trying to load font information for U+msb on input line 20.
 (C:\Users\Dell\AppData\Local\Programs\MiKTeX\tex/latex/amsfonts\umsb.fd
File: umsb.fd 2013/01/14 v3.01 AMS symbols B
) [1



{C:/Users/Dell/AppData/Local/MiKTeX/fonts/map/pdftex/pdftex.map}{C:/Users/Dell/AppData/Local/Programs/MiKTeX/fonts/enc/dvips/lm/lm-ec.enc} <./figures/bme_logo.pdf>]
Package hyperref Info: Option `pageanchor' set `false' on input line 30.
) (thesis.toc [1



] [2])
\tf@toc=\write4
\openout4 = `thesis.toc'.

 [3]
\openout2 = `include/declaration.aux'.

 (include/declaration.tex [1

])
\openout2 = `content/abstract.aux'.

 (content/abstract.tex [1





]
\c@romanPage=\count325
) [2

]
\openout2 = `content/introduction.aux'.

 (content/introduction.tex
1. fejezet.
[1




]
<figures/flutter-vs-jetpack-compose-google-search-trends.png, id=389, 803.0pt x 407.02063pt>
File: figures/flutter-vs-jetpack-compose-google-search-trends.png Graphic file (type png)
<use figures/flutter-vs-jetpack-compose-google-search-trends.png>
Package pdftex.def Info: figures/flutter-vs-jetpack-compose-google-search-trends.png  used on input line 47.
(pdftex.def)             Requested size: 426.79134pt x 216.33475pt.
<figures/Libraries-2800x995.png, id=393, 2810.5pt x 998.73125pt>
File: figures/Libraries-2800x995.png Graphic file (type png)
<use figures/Libraries-2800x995.png>
Package pdftex.def Info: figures/Libraries-2800x995.png  used on input line 54.
(pdftex.def)             Requested size: 426.79134pt x 151.66243pt.
 [2 <./figures/flutter-vs-jetpack-compose-google-search-trends.png>]) [3 <./figures/Libraries-2800x995.png>] [4]
\openout2 = `content/specifiation.aux'.

 (content/specifiation.tex
2. fejezet.
[5




]
LaTeX Font Info:    Trying to load font information for TS1+lmr on input line 50.
 (C:\Users\Dell\AppData\Local\Programs\MiKTeX\tex/latex/lm\ts1lmr.fd
File: ts1lmr.fd 2015/05/01 v1.6.1 Font defs for Latin Modern
) [6{C:/Users/Dell/AppData/Local/Programs/MiKTeX/fonts/enc/dvips/lm/lm-ts1.enc}] [7] [8] [9]
<figures/Point Diagram.png, id=456, 329.23pt x 637.38126pt>
File: figures/Point Diagram.png Graphic file (type png)
<use figures/Point Diagram.png>
Package pdftex.def Info: figures/Point Diagram.png  used on input line 202.
(pdftex.def)             Requested size: 128.0425pt x 277.06409pt.
<figures/Topic Diagram.png, id=457, 350.30875pt x 656.4525pt>
File: figures/Topic Diagram.png Graphic file (type png)
<use figures/Topic Diagram.png>
Package pdftex.def Info: figures/Topic Diagram.png  used on input line 203.
(pdftex.def)             Requested size: 128.0407pt x 277.07043pt.
<figures/TrueFalseQuestion Diagram.png, id=458, 402.50375pt x 696.6025pt>
File: figures/TrueFalseQuestion Diagram.png Graphic file (type png)
<use figures/TrueFalseQuestion Diagram.png>
Package pdftex.def Info: figures/TrueFalseQuestion Diagram.png  used on input line 204.
(pdftex.def)             Requested size: 128.03612pt x 277.07356pt.
<figures/MultipleChoiceQuestion Diagram.png, id=459, 434.62375pt x 723.70375pt>
File: figures/MultipleChoiceQuestion Diagram.png Graphic file (type png)
<use figures/MultipleChoiceQuestion Diagram.png>
Package pdftex.def Info: figures/MultipleChoiceQuestion Diagram.png  used on input line 207.
(pdftex.def)             Requested size: 128.04047pt x 277.07529pt.
<figures/Exam Diagram.png, id=460, 361.35pt x 664.4825pt>
File: figures/Exam Diagram.png Graphic file (type png)
<use figures/Exam Diagram.png>
Package pdftex.def Info: figures/Exam Diagram.png  used on input line 208.
(pdftex.def)             Requested size: 128.0403pt x 277.07318pt.
<figures/AnswerCheck Diagram.png, id=461, 399.4925pt x 505.89pt>
File: figures/AnswerCheck Diagram.png Graphic file (type png)
<use figures/AnswerCheck Diagram.png>
Package pdftex.def Info: figures/AnswerCheck Diagram.png  used on input line 209.
(pdftex.def)             Requested size: 128.03526pt x 277.07474pt.
) [10 <./figures/Point Diagram.png (PNG copy)> <./figures/Topic Diagram.png (PNG copy)> <./figures/TrueFalseQuestion Diagram.png (PNG copy)> <./figures/MultipleChoiceQuestion Diagram.png (PNG copy)> <./figures/Exam Diagram.png (PNG copy)> <./figures/AnswerCheck Diagram.png (PNG copy)>]
\openout2 = `content/search.aux'.

 (content/search.tex
3. fejezet.
LaTeX Font Info:    Trying to load font information for T1+lmtt on input line 28.
(C:\Users\Dell\AppData\Local\Programs\MiKTeX\tex/latex/lm\t1lmtt.fd
File: t1lmtt.fd 2015/05/01 v1.6.1 Font defs for Latin Modern
) [11




]
Package hyperref Info: bookmark level for unknown lstlisting defaults to 0 on input line 44.
LaTeX Font Info:    Font shape `T1/lmtt/bx/n' in size <8> not available
(Font)              Font shape `T1/lmtt/b/n' tried instead on input line 46.
 [12] [13]
<figures/viewmodel-lifecycle.png, id=549, 523.9575pt x 545.03625pt>
File: figures/viewmodel-lifecycle.png Graphic file (type png)
<use figures/viewmodel-lifecycle.png>
Package pdftex.def Info: figures/viewmodel-lifecycle.png  used on input line 152.
(pdftex.def)             Requested size: 369.88582pt x 384.77455pt.
 [14 <./figures/viewmodel-lifecycle.png>] [15] [16] [17]
<figures/KMP-types.png, id=660, 1606.0pt x 467.7475pt>
File: figures/KMP-types.png Graphic file (type png)
<use figures/KMP-types.png>
Package pdftex.def Info: figures/KMP-types.png  used on input line 332.
(pdftex.def)             Requested size: 426.79134pt x 124.30222pt.
 [18 <./figures/KMP-types.png>] [19]
<figures/fleet-run-configurations.png, id=723, 970.62625pt x 472.76625pt>
File: figures/fleet-run-configurations.png Graphic file (type png)
<use figures/fleet-run-configurations.png>
Package pdftex.def Info: figures/fleet-run-configurations.png  used on input line 442.
(pdftex.def)             Requested size: 426.79134pt x 207.88072pt.
 [20] [21 <./figures/fleet-run-configurations.png>] [22]) [23]
\openout2 = `content/architecture.aux'.

 (content/architecture.tex
4. fejezet.
<figures/KmpFileStructure.png, id=780, 319.79475pt x 115.632pt>
File: figures/KmpFileStructure.png Graphic file (type png)
<use figures/KmpFileStructure.png>
Package pdftex.def Info: figures/KmpFileStructure.png  used on input line 31.
(pdftex.def)             Requested size: 149.37958pt x 54.01357pt.
<figures/specific-target-diagram.png, id=781, 708.6475pt x 292.09125pt>
File: figures/specific-target-diagram.png Graphic file (type png)
<use figures/specific-target-diagram.png>
Package pdftex.def Info: figures/specific-target-diagram.png  used on input line 32.
(pdftex.def)             Requested size: 277.41176pt x 114.34299pt.

Overfull \hbox (24.00002pt too wide) in paragraph at lines 29--34
 [][] 
 []

[24




 <./figures/KmpFileStructure.png> <./figures/specific-target-diagram.png>] [25]
<figures/MVVM-architectural-pattern.png, id=845, 1144.39917pt x 335.2732pt>
File: figures/MVVM-architectural-pattern.png Graphic file (type png)
<use figures/MVVM-architectural-pattern.png>
Package pdftex.def Info: figures/MVVM-architectural-pattern.png  used on input line 125.
(pdftex.def)             Requested size: 426.79134pt x 125.03648pt.
 [26 <./figures/MVVM-architectural-pattern.png (PNG copy)>] [27] [28] [29] [30]
<figures/Component.png, id=1025, 569.12625pt x 320.19624pt>
File: figures/Component.png Graphic file (type png)
<use figures/Component.png>
Package pdftex.def Info: figures/Component.png  used on input line 383.
(pdftex.def)             Requested size: 426.79134pt x 240.12703pt.
 [31]
<figures/Business Component.png, id=1032, 378.41376pt x 377.41pt>
File: figures/Business Component.png Graphic file (type png)
<use figures/Business Component.png>
Package pdftex.def Info: figures/Business Component.png  used on input line 401.
(pdftex.def)             Requested size: 284.52756pt x 283.77664pt.
<figures/Common Component.png, id=1034, 538.01pt x 397.485pt>
File: figures/Common Component.png Graphic file (type png)
<use figures/Common Component.png>
Package pdftex.def Info: figures/Common Component.png  used on input line 422.
(pdftex.def)             Requested size: 284.52756pt x 210.21115pt.
) [32 <./figures/Component.png (PNG copy)>] [33 <./figures/Business Component.png (PNG copy)> <./figures/Common Component.png (PNG copy)>]
\openout2 = `content/details.aux'.

 (content/details.tex
5. fejezet.
[34




] [35]
<figures/MainScreen_Desktop2_framed.png, id=1086, 2196.205pt x 1464.47125pt>
File: figures/MainScreen_Desktop2_framed.png Graphic file (type png)
<use figures/MainScreen_Desktop2_framed.png>
Package pdftex.def Info: figures/MainScreen_Desktop2_framed.png  used on input line 104.
(pdftex.def)             Requested size: 213.39568pt x 142.277pt.
<figures/MainScreen_Android.png, id=1087, 1215.54124pt x 2483.2775pt>
File: figures/MainScreen_Android.png Graphic file (type png)
<use figures/MainScreen_Android.png>
Package pdftex.def Info: figures/MainScreen_Android.png  used on input line 112.
(pdftex.def)             Requested size: 128.0387pt x 261.5665pt.
<figures/MainScreen_Desktop1_framed.png, id=1088, 2196.205pt x 1464.47125pt>
File: figures/MainScreen_Desktop1_framed.png Graphic file (type png)
<use figures/MainScreen_Desktop1_framed.png>
Package pdftex.def Info: figures/MainScreen_Desktop1_framed.png  used on input line 113.
(pdftex.def)             Requested size: 213.39568pt x 142.277pt.
 [36 <./figures/MainScreen_Desktop2_framed.png>] [37 <./figures/MainScreen_Android.png> <./figures/MainScreen_Desktop1_framed.png>]
<figures/List_Android.png, id=1132, 1215.54124pt x 2483.2775pt>
File: figures/List_Android.png Graphic file (type png)
<use figures/List_Android.png>
Package pdftex.def Info: figures/List_Android.png  used on input line 166.
(pdftex.def)             Requested size: 128.0387pt x 261.5665pt.
<figures/ListView_Desktop_framed.png, id=1133, 2196.205pt x 1464.47125pt>
File: figures/ListView_Desktop_framed.png Graphic file (type png)
<use figures/ListView_Desktop_framed.png>
Package pdftex.def Info: figures/ListView_Desktop_framed.png  used on input line 167.
(pdftex.def)             Requested size: 256.07741pt x 170.7458pt.
 [38 <./figures/List_Android.png> <./figures/ListView_Desktop_framed.png>]
<figures/Details_Android.png, id=1154, 1215.54124pt x 2483.2775pt>
File: figures/Details_Android.png Graphic file (type png)
<use figures/Details_Android.png>
Package pdftex.def Info: figures/Details_Android.png  used on input line 249.
(pdftex.def)             Requested size: 128.0387pt x 261.5665pt.
<figures/Details_Desktop_framed.png, id=1155, 2196.205pt x 1464.47125pt>
File: figures/Details_Desktop_framed.png Graphic file (type png)
<use figures/Details_Desktop_framed.png>
Package pdftex.def Info: figures/Details_Desktop_framed.png  used on input line 250.
(pdftex.def)             Requested size: 256.07741pt x 170.7458pt.
<figures/Edit_Android.png, id=1156, 1215.54124pt x 2483.2775pt>
File: figures/Edit_Android.png Graphic file (type png)
<use figures/Edit_Android.png>
Package pdftex.def Info: figures/Edit_Android.png  used on input line 262.
(pdftex.def)             Requested size: 128.0387pt x 261.5665pt.
<figures/Edit_Desktop_framed.png, id=1157, 2196.205pt x 1464.47125pt>
File: figures/Edit_Desktop_framed.png Graphic file (type png)
<use figures/Edit_Desktop_framed.png>
Package pdftex.def Info: figures/Edit_Desktop_framed.png  used on input line 263.
(pdftex.def)             Requested size: 256.07741pt x 170.7458pt.
 [39] [40 <./figures/Details_Android.png> <./figures/Details_Desktop_framed.png> <./figures/Edit_Android.png> <./figures/Edit_Desktop_framed.png>] [41]
<figures/New_Android.png, id=1250, 1215.54124pt x 2483.2775pt>
File: figures/New_Android.png Graphic file (type png)
<use figures/New_Android.png>
Package pdftex.def Info: figures/New_Android.png  used on input line 332.
(pdftex.def)             Requested size: 128.0387pt x 261.5665pt.
<figures/New_Desktop_framed.png, id=1251, 2196.205pt x 1464.47125pt>
File: figures/New_Desktop_framed.png Graphic file (type png)
<use figures/New_Desktop_framed.png>
Package pdftex.def Info: figures/New_Desktop_framed.png  used on input line 333.
(pdftex.def)             Requested size: 256.07741pt x 170.7458pt.
<figures/Submission_Android.png, id=1252, 1215.54124pt x 2483.2775pt>
File: figures/Submission_Android.png Graphic file (type png)
<use figures/Submission_Android.png>
Package pdftex.def Info: figures/Submission_Android.png  used on input line 352.
(pdftex.def)             Requested size: 128.0387pt x 261.5665pt.
<figures/Submission_Desktop_framed.png, id=1253, 2196.205pt x 1464.47125pt>
File: figures/Submission_Desktop_framed.png Graphic file (type png)
<use figures/Submission_Desktop_framed.png>
Package pdftex.def Info: figures/Submission_Desktop_framed.png  used on input line 353.
(pdftex.def)             Requested size: 256.07741pt x 170.7458pt.
<figures/Defaut Communication.png, id=1254, 1228.59pt x 640.3925pt>
File: figures/Defaut Communication.png Graphic file (type png)
<use figures/Defaut Communication.png>
Package pdftex.def Info: figures/Defaut Communication.png  used on input line 366.
(pdftex.def)             Requested size: 426.79134pt x 222.46pt.
 [42 <./figures/New_Android.png> <./figures/New_Desktop_framed.png>] [43 <./figures/Submission_Android.png> <./figures/Submission_Desktop_framed.png> <./figures/Defaut Communication.png (PNG copy)>] [44] [45] [46] [47]) [48]
\openout2 = `content/future.aux'.

 (content/future.tex
6. fejezet.
) [49




]
\openout2 = `content/summary.aux'.

 (content/summary.tex
7. fejezet.
) [50




]
\openout2 = `content/acknowledgement.aux'.

 (content/acknowledgement.tex) [51




] (thesis.bbl
Underfull \hbox (badness 10000) in paragraph at lines 104--110
[]\T1/lmr/m/n/10.95 Droid Chef: Flut-ter vs jet-pack com-po-se: The batt-le of the cent-
 []


Underfull \hbox (badness 10000) in paragraph at lines 104--110
\T1/lmr/m/n/10.95 ury. \T1/lmr/m/it/10.95 Is-han Khan-na\T1/lmr/m/n/10.95 , 2022. 11. [][]$\T1/lmtt/m/n/10.95 https : / / blog . droidchef . dev /
 []


Underfull \hbox (badness 5119) in paragraph at lines 104--110
\T1/lmtt/m/n/10.95 flutter-[]vs-[]jetpack-[]compose-[]the-[]battle-[]of-[]the-[]century/$[][] \T1/lmr/m/n/10.95 (last vi-si-ted on
 []


Underfull \hbox (badness 6792) in paragraph at lines 112--118
[]\T1/lmr/m/n/10.95 Husayn Fak-her: Com-po-se sta-te vs sta-tef-low: Sta-te ma-nag-ement in jet-
 []


Underfull \hbox (badness 10000) in paragraph at lines 112--118
\T1/lmr/m/n/10.95 pack com-po-se. \T1/lmr/m/it/10.95 Me-di-um\T1/lmr/m/n/10.95 , 2024. 04. [][]$\T1/lmtt/m/n/10.95 https : / / medium . com / @husayn . fakher /
 []


Overfull \hbox (31.37193pt too wide) in paragraph at lines 112--118
\T1/lmtt/m/n/10.95 compose-[]state-[]vs-[]stateflow-[]state-[]management-[]in-[]jetpack-[]compose-[]c99740732023$[][]
 []


Underfull \hbox (badness 10000) in paragraph at lines 127--133
[]\T1/lmr/m/n/10.95 JetBrains: The ba-sics of kot-lin mul-ti-plat-form pro-ject struc-tu-re. \T1/lmr/m/it/10.95 Mul-
 []


Underfull \hbox (badness 10000) in paragraph at lines 127--133
\T1/lmr/m/it/10.95 ti-plat-form De-ve-lop-ment\T1/lmr/m/n/10.95 , 2024. 09. [][]$\T1/lmtt/m/n/10.95 https : / / kotlinlang . org / docs /
 []


Underfull \hbox (badness 10000) in paragraph at lines 127--133
\T1/lmtt/m/n/10.95 multiplatform-[]discover-[]project . html # compilation-[]to-[]a-[]specific-[]target$[][]
 []


Underfull \hbox (badness 10000) in paragraph at lines 135--141
\T1/lmtt/m/n/10.95 / / www . jetbrains . com / help / kotlin-[]multiplatform-[]dev / compose-[]viewmodel .
 []


Underfull \hbox (badness 1275) in paragraph at lines 143--149
[]\T1/lmr/m/n/10.95 JetBrains: Creat-ing a cross-platform mo-bi-le app-li-ca-ti-on. \T1/lmr/m/it/10.95 Ktor Do-cu-men-ta-ti-on\T1/lmr/m/n/10.95 ,
 []


Underfull \hbox (badness 10000) in paragraph at lines 158--164
[]\T1/lmr/m/n/10.95 JetBrains: Na-vi-ga-ti-on and ro-u-ting. \T1/lmr/m/it/10.95 Kot-lin Mul-ti-plat-form De-ve-lop-ment\T1/lmr/m/n/10.95 ,
 []


Underfull \hbox (badness 10000) in paragraph at lines 158--164
\T1/lmr/m/n/10.95 2024. 10. [][]$\T1/lmtt/m/n/10.95 https : / / www . jetbrains . com / help / kotlin-[]multiplatform-[]dev /
 []


Underfull \hbox (badness 10000) in paragraph at lines 166--172
[]\T1/lmr/m/n/10.95 JetBrains: Po-pu-lar cross-platform app de-ve-lop-ment fra-me-works. \T1/lmr/m/it/10.95 Kot-lin
 []


Underfull \hbox (badness 10000) in paragraph at lines 166--172
\T1/lmr/m/it/10.95 Mul-ti-plat-form Do-cu-men-ta-ti-on\T1/lmr/m/n/10.95 , 2024. 09. [][]$\T1/lmtt/m/n/10.95 https : / / www . jetbrains . com /
 []


Underfull \hbox (badness 10000) in paragraph at lines 166--172
\T1/lmtt/m/n/10.95 help / kotlin-[]multiplatform-[]dev / cross-[]platform-[]frameworks . html #
 []


Underfull \hbox (badness 10000) in paragraph at lines 181--187
[]\T1/lmr/m/n/10.95 JetBrains: Use fle-et for mul-ti-plat-form de-ve-lop-ment ^^V tuto-ri-
 []


Underfull \hbox (badness 10000) in paragraph at lines 181--187
\T1/lmr/m/n/10.95 al. \T1/lmr/m/it/10.95 Kot-lin Mul-ti-plat-form De-ve-lop-ment\T1/lmr/m/n/10.95 , 2024. 10. [][]$\T1/lmtt/m/n/10.95 https : / / www .
 []


Underfull \hbox (badness 10000) in paragraph at lines 181--187
\T1/lmtt/m/n/10.95 jetbrains . com / help / kotlin-[]multiplatform-[]dev / fleet . html #
 []

[52



]
Underfull \hbox (badness 1590) in paragraph at lines 203--209
[]\T1/lmr/m/n/10.95 Google LLC: Jet-pack com-po-se ba-sics. \T1/lmr/m/it/10.95 And-ro-id co-del-abs\T1/lmr/m/n/10.95 , 2024. 01. [][]$\T1/lmtt/m/n/10.95 https : / /
 []


Underfull \hbox (badness 1009) in paragraph at lines 203--209
\T1/lmtt/m/n/10.95 developer . android . com / codelabs / jetpack-[]compose-[]basics # 0$[][] \T1/lmr/m/n/10.95 (last vi-si-ted on
 []


Underfull \hbox (badness 10000) in paragraph at lines 234--240
[]\T1/lmr/m/n/10.95 Elvira Mus-ta-fi-na: Com-po-se mul-ti-plat-form 1.7.0 re-le-as-ed. \T1/lmr/m/it/10.95 Jet-Bra-
 []


Underfull \hbox (badness 10000) in paragraph at lines 234--240
\T1/lmr/m/it/10.95 ins Blog\T1/lmr/m/n/10.95 , 2024. 10. [][]$\T1/lmtt/m/n/10.95 https : / / blog . jetbrains . com / kotlin / 2024 / 10 /
 []


Underfull \hbox (badness 10000) in paragraph at lines 242--249
[]\T1/lmr/m/n/10.95 Lukoh Nam: Jet-pack com-po-se per-mis-sions us-ing ac-com-pa-nist lib-rary,
 []


Underfull \hbox (badness 10000) in paragraph at lines 242--249
\T1/lmr/m/n/10.95 mo-dal-bot-tom-s-he-et. \T1/lmr/m/it/10.95 Me-di-um\T1/lmr/m/n/10.95 , 2023. 05. [][]$\T1/lmtt/m/n/10.95 https : / / medium . com / @lukohnam /
 []


Underfull \hbox (badness 10000) in paragraph at lines 242--249
\T1/lmtt/m/n/10.95 jetpack-[]compose-[]permissions-[]using-[]accompanist-[]library-[]b1c0fbbe8831$[][]
 []


Underfull \hbox (badness 10000) in paragraph at lines 287--293
[]\T1/lmr/m/n/10.95 Kotlin Do-cu-men-ta-ti-on Team: Up-date to the new re-le-a-se. \T1/lmr/m/it/10.95 Kot-lin Mul-
 []


Underfull \hbox (badness 10000) in paragraph at lines 287--293
\T1/lmr/m/it/10.95 ti-plat-form Plu-gin Re-le-as-es\T1/lmr/m/n/10.95 , 2024. 09. [][]$\T1/lmtt/m/n/10.95 https : / / kotlinlang . org / docs /
 []


Underfull \hbox (badness 10000) in paragraph at lines 287--293
\T1/lmtt/m/n/10.95 multiplatform-[]plugin-[]releases . html # update-[]to-[]the-[]new-[]release$[][] \T1/lmr/m/n/10.95 (last
 []

[53]
Underfull \hbox (badness 10000) in paragraph at lines 301--307
[]\T1/lmr/m/n/10.95 Unknown: What is com-po-nent di-ag-ram? \T1/lmr/m/it/10.95 Vi-su-al Pa-ra-digm\T1/lmr/m/n/10.95 , 2024. 11.
 []


Underfull \hbox (badness 10000) in paragraph at lines 301--307
[][]$\T1/lmtt/m/n/10.95 https : / / www . visual-[]paradigm . com / guide / uml-[]unified-[]modeling-[]language /
 []


Underfull \hbox (badness 2828) in paragraph at lines 309--315
[]\T1/lmr/m/n/10.95 Antoine van der Lee: Mvvm: An ar-chi-tec-tu-ral co-ding pat-tern to struc-tu-
 []


Underfull \hbox (badness 1931) in paragraph at lines 309--315
\T1/lmr/m/n/10.95 re swif-tui views. \T1/lmr/m/it/10.95 Swift-Lee\T1/lmr/m/n/10.95 , 2024. 05. [][]$\T1/lmtt/m/n/10.95 https : / / www . avanderlee . com / swiftui /
 []


Underfull \hbox (badness 5924) in paragraph at lines 309--315
\T1/lmtt/m/n/10.95 mvvm-[]architectural-[]coding-[]pattern-[]to-[]structure-[]views/$[][] \T1/lmr/m/n/10.95 (last vi-si-ted on
 []

) [54]
\openout2 = `content/appendices.aux'.

 (content/appendices.tex
<figures/TeXstudio.png, id=1517, 1002.74625pt x 799.98875pt>
File: figures/TeXstudio.png Graphic file (type png)
<use figures/TeXstudio.png>
Package pdftex.def Info: figures/TeXstudio.png  used on input line 17.
(pdftex.def)             Requested size: 426.79134pt x 340.4973pt.
 [55


 <./figures/TeXstudio.png (PNG copy)>]) [56

{C:/Users/Dell/AppData/Local/Programs/MiKTeX/fonts/enc/dvips/lm/lm-mathit.enc}{C:/Users/Dell/AppData/Local/Programs/MiKTeX/fonts/enc/dvips/lm/lm-rm.enc}{C:/Users/Dell/AppData/Local/Programs/MiKTeX/fonts/enc/dvips/lm/lm-mathsy.enc}{C:/Users/Dell/AppData/Local/Programs/MiKTeX/fonts/enc/dvips/lm/lm-mathex.enc}]
\tf@thm=\write5
\openout5 = `thesis.thm'.

 (thesis.aux (include/titlepage.aux) (include/declaration.aux) (content/abstract.aux) (content/introduction.aux) (content/specifiation.aux) (content/search.aux) (content/architecture.aux) (content/details.aux) (content/future.aux) (content/summary.aux) (content/acknowledgement.aux) (content/appendices.aux))
 ***********
LaTeX2e <2023-11-01> patch level 1
L3 programming layer <2024-01-04>
 ***********
Package rerunfilecheck Info: File `thesis.out' has not changed.
(rerunfilecheck)             Checksum: C06FB23B69B5766451164C44A1638587;12873.
 ) 
Here is how much of TeX's memory you used:
 19294 strings out of 474485
 321289 string characters out of 5744206
 2645542 words of memory out of 5000000
 40427 multiletter control sequences out of 15000+600000
 624810 words of font info for 76 fonts, out of 8000000 for 9000
 1145 hyphenation exceptions out of 8191
 80i,12n,82p,1164b,2100s stack positions out of 10000i,1000n,20000p,200000b,200000s
<C:/Users/Dell/AppData/Local/Programs/MiKTeX/fonts/type1/public/lm/lmbx10.pfb><C:/Users/Dell/AppData/Local/Programs/MiKTeX/fonts/type1/public/lm/lmbx12.pfb><C:/Users/Dell/AppData/Local/Programs/MiKTeX/fonts/type1/public/lm/lmbx8.pfb><C:/Users/Dell/AppData/Local/Programs/MiKTeX/fonts/type1/public/lm/lmcsc10.pfb><C:/Users/Dell/AppData/Local/Programs/MiKTeX/fonts/type1/public/lm/lmex10.pfb><C:/Users/Dell/AppData/Local/Programs/MiKTeX/fonts/type1/public/lm/lmmi10.pfb><C:/Users/Dell/AppData/Local/Programs/MiKTeX/fonts/type1/public/lm/lmmi8.pfb><C:/Users/Dell/AppData/Local/Programs/MiKTeX/fonts/type1/public/lm/lmr10.pfb><C:/Users/Dell/AppData/Local/Programs/MiKTeX/fonts/type1/public/lm/lmr12.pfb><C:/Users/Dell/AppData/Local/Programs/MiKTeX/fonts/type1/public/lm/lmr8.pfb><C:/Users/Dell/AppData/Local/Programs/MiKTeX/fonts/type1/public/lm/lmri10.pfb><C:/Users/Dell/AppData/Local/Programs/MiKTeX/fonts/type1/public/lm/lmsy10.pfb><C:/Users/Dell/AppData/Local/Programs/MiKTeX/fonts/type1/public/lm/lmtk10.pfb><C:/Users/Dell/AppData/Local/Programs/MiKTeX/fonts/type1/public/lm/lmtl10.pfb>
Output written on thesis.pdf (63 pages, 6639996 bytes).
PDF statistics:
 1774 PDF objects out of 2073 (max. 8388607)
 796 named destinations out of 1000 (max. 500000)
 718 words of extra memory for PDF output out of 10000 (max. 10000000)

