\BOOKMARK [0][-]{chapter*.2}{\376\377\000K\000i\000v\000o\000n\000a\000t}{}% 1
\BOOKMARK [0][-]{chapter*.3}{\376\377\000A\000b\000s\000t\000r\000a\000c\000t}{}% 2
\BOOKMARK [0][-]{chapter.1}{\376\377\000B\000e\000v\000e\000z\000e\000t\000\351\000s}{}% 3
\BOOKMARK [1][-]{section.1.1}{\376\377\000T\000\351\000m\000a\000v\000\341\000l\000a\000s\000z\000t\000\341\000s\000\040\000i\000n\000d\000o\000k\000l\000\341\000s\000a}{chapter.1}% 4
\BOOKMARK [1][-]{section.1.2}{\376\377\000F\000e\000l\000h\000a\000s\000z\000n\000\341\000l\000t\000\040\000t\000e\000c\000h\000n\000o\000l\000\363\000g\000i\000a\000\040\000j\000e\000l\000e\000n\000t\001\121\000s\000\351\000g\000e\000/\000e\000l\000t\000e\000r\000j\000e\000d\000t\000s\000\351\000g\000e}{chapter.1}% 5
\BOOKMARK [1][-]{section.1.3}{\376\377\000D\000o\000l\000g\000o\000z\000a\000t\000\040\000f\000e\000l\000\351\000p\000\355\000t\000\351\000s\000e}{chapter.1}% 6
\BOOKMARK [0][-]{chapter.2}{\376\377\000F\000e\000l\000a\000d\000a\000t\000s\000p\000e\000c\000i\000f\000i\000k\000\341\000c\000i\000\363}{}% 7
\BOOKMARK [1][-]{section.2.1}{\376\377\000F\000e\000l\000a\000d\000a\000t\000\040\000r\000\351\000s\000z\000l\000e\000t\000e\000s\000\040\000l\000e\000\355\000r\000\341\000s\000a}{chapter.2}% 8
\BOOKMARK [2][-]{subsection.2.1.1}{\376\377\000\301\000l\000t\000a\000l\000\341\000n\000o\000s\000\040\000c\000\351\000l\000o\000k\000\040\000b\000e\000m\000u\000t\000a\000t\000\341\000s\000a}{section.2.1}% 9
\BOOKMARK [2][-]{subsection.2.1.2}{\376\377\000E\000g\000y\000\040\000f\000e\000l\000a\000d\000a\000t\000s\000o\000r\000\040\000f\000e\000l\000\351\000p\000\355\000t\000\351\000s\000e}{section.2.1}% 10
\BOOKMARK [2][-]{subsection.2.1.3}{\376\377\000K\000o\000m\000p\000o\000n\000e\000n\000s\000e\000k\000\040\000l\000\351\000t\000r\000e\000h\000o\000z\000\341\000s\000\341\000n\000a\000k\000\040\000l\000\351\000p\000\351\000s\000e\000i}{section.2.1}% 11
\BOOKMARK [3][-]{subsubsection.2.1.3.1}{\376\377\000P\000o\000n\000t}{subsection.2.1.3}% 12
\BOOKMARK [3][-]{subsubsection.2.1.3.2}{\376\377\000T\000\351\000m\000a\000k\000\366\000r}{subsection.2.1.3}% 13
\BOOKMARK [3][-]{subsubsection.2.1.3.3}{\376\377\000I\000g\000a\000z\000-\000h\000a\000m\000i\000s\000\040\000k\000\351\000r\000d\000\351\000s}{subsection.2.1.3}% 14
\BOOKMARK [3][-]{subsubsection.2.1.3.4}{\376\377\000F\000e\000l\000e\000l\000e\000t\000v\000\341\000l\000a\000s\000z\000t\000\363\000s\000\040\000k\000\351\000r\000d\000\351\000s}{subsection.2.1.3}% 15
\BOOKMARK [3][-]{subsubsection.2.1.3.5}{\376\377\000F\000e\000l\000a\000d\000a\000t\000s\000o\000r}{subsection.2.1.3}% 16
\BOOKMARK [3][-]{subsubsection.2.1.3.6}{\376\377\000V\000\341\000l\000a\000s\000z\000o\000k\000\040\000e\000l\000l\000e\000n\001\121\000r\000z\000\351\000s\000e}{subsection.2.1.3}% 17
\BOOKMARK [3][-]{subsubsection.2.1.3.7}{\376\377\000F\000e\000l\000a\000d\000a\000t\000s\000o\000r\000o\000k\000\040\000e\000x\000p\000o\000r\000t\000\341\000l\000\341\000s\000a}{subsection.2.1.3}% 18
\BOOKMARK [1][-]{section.2.2}{\376\377\000D\000i\000a\000g\000r\000a\000m\000o\000k}{chapter.2}% 19
\BOOKMARK [0][-]{chapter.3}{\376\377\000I\000r\000o\000d\000a\000l\000o\000m\000k\000u\000t\000a\000t\000\341\000s}{}% 20
\BOOKMARK [1][-]{section.3.1}{\376\377\000F\000e\000l\000h\000a\000s\000z\000n\000\341\000l\000t\000\040\000t\000e\000c\000h\000n\000o\000l\000\363\000g\000i\000\341\000k}{chapter.3}% 21
\BOOKMARK [2][-]{subsection.3.1.1}{\376\377\000J\000e\000t\000p\000a\000c\000k\000\040\000C\000o\000m\000p\000o\000s\000e}{section.3.1}% 22
\BOOKMARK [3][-]{subsubsection.3.1.1.1}{\376\377\000S\000t\000a\000t\000e\000\040\000\351\000s\000\040\000S\000t\000a\000t\000e\000F\000l\000o\000w}{subsection.3.1.1}% 23
\BOOKMARK [3][-]{subsubsection.3.1.1.2}{\376\377\000V\000i\000e\000w\000M\000o\000d\000e\000l}{subsection.3.1.1}% 24
\BOOKMARK [3][-]{subsubsection.3.1.1.3}{\376\377\000N\000a\000v\000i\000g\000a\000t\000i\000o\000n\000\040\000a\000n\000d\000\040\000r\000o\000u\000t\000i\000n\000g}{subsection.3.1.1}% 25
\BOOKMARK [1][-]{section.3.2}{\376\377\000K\000o\000t\000l\000i\000n\000X\000\040\000S\000e\000r\000i\000l\000i\000z\000\341\000c\000i\000\363}{chapter.3}% 26
\BOOKMARK [1][-]{section.3.3}{\376\377\000K\000t\000o\000r}{chapter.3}% 27
\BOOKMARK [1][-]{section.3.4}{\376\377\000C\000a\000m\000e\000r\000a\000X}{chapter.3}% 28
\BOOKMARK [2][-]{subsection.3.4.1}{\376\377\000M\000L\000-\000K\000i\000t}{section.3.4}% 29
\BOOKMARK [1][-]{section.3.5}{\376\377\000A\000C\000C\000O\000M\000P\000A\000N\000I\000S\000T\000-\000e\000n\000g\000e\000d\000\351\000l\000y\000k\000e\000z\000e\000l\000\351\000s}{chapter.3}% 30
\BOOKMARK [2][-]{subsection.3.5.1}{\376\377\000p\000d\000f\000b\000o\000x\000\040\000\351\000s\000\040\000P\000d\000f\000D\000o\000c\000u\000m\000e\000n\000t}{section.3.5}% 31
\BOOKMARK [1][-]{section.3.6}{\376\377\000K\000o\000t\000l\000i\000n\000-\000\040\000\351\000s\000\040\000C\000o\000m\000p\000o\000s\000e\000\040\000M\000u\000l\000t\000i\000p\000l\000a\000t\000f\000o\000r\000m}{chapter.3}% 32
\BOOKMARK [1][-]{section.3.7}{\376\377\000G\000r\000a\000d\000l\000e\000\040\000b\000u\000i\000l\000d\000\040\000r\000e\000n\000d\000s\000z\000e\000r}{chapter.3}% 33
\BOOKMARK [1][-]{section.3.8}{\376\377\000F\000e\000j\000l\000e\000s\000z\000t\001\121\000k\000\366\000r\000n\000y\000e\000z\000t\000e\000k}{chapter.3}% 34
\BOOKMARK [1][-]{section.3.9}{\376\377\000R\000E\000S\000T\000\040\000A\000P\000I\000\040\000\351\000s\000\040\000a\000d\000a\000t\000b\000\341\000z\000i\000s}{chapter.3}% 35
\BOOKMARK [1][-]{section.3.10}{\376\377\000K\000i\000p\000r\000\363\000b\000\341\000l\000t\000,\000\040\000d\000e\000\040\000v\000\351\000g\000\374\000l\000\040\000n\000e\000m\000\040\000h\000a\000s\000z\000n\000\341\000l\000t\000\040\000e\000g\000y\000\351\000b\000\040\000\351\000r\000d\000e\000k\000e\000s\000\040\000m\000e\000g\000o\000l\000d\000\341\000s\000o\000k}{chapter.3}% 36
\BOOKMARK [0][-]{chapter.4}{\376\377\000A\000\040\000L\000a\000T\000e\000X\000-\000s\000a\000b\000l\000o\000n\000\040\000h\000a\000s\000z\000n\000\341\000l\000a\000t\000a}{}% 37
\BOOKMARK [1][-]{section.4.1}{\376\377\000C\000\355\000m\000k\000\351\000k\000\040\000\351\000s\000\040\000h\000i\000v\000a\000t\000k\000o\000z\000\341\000s\000o\000k}{chapter.4}% 38
\BOOKMARK [1][-]{section.4.2}{\376\377\000\301\000b\000r\000\341\000k\000\040\000\351\000s\000\040\000t\000\341\000b\000l\000\341\000z\000a\000t\000o\000k}{chapter.4}% 39
\BOOKMARK [1][-]{section.4.3}{\376\377\000F\000e\000l\000s\000o\000r\000o\000l\000\341\000s\000o\000k\000\040\000\351\000s\000\040\000l\000i\000s\000t\000\341\000k}{chapter.4}% 40
\BOOKMARK [1][-]{section.4.4}{\376\377\000K\000\351\000p\000l\000e\000t\000e\000k}{chapter.4}% 41
\BOOKMARK [1][-]{section.4.5}{\376\377\000I\000r\000o\000d\000a\000l\000m\000i\000\040\000h\000i\000v\000a\000t\000k\000o\000z\000\341\000s\000o\000k}{chapter.4}% 42
\BOOKMARK [1][-]{section.4.6}{\376\377\000A\000\040\000d\000o\000l\000g\000o\000z\000a\000t\000\040\000s\000z\000e\000r\000k\000e\000z\000e\000t\000e\000\040\000\351\000s\000\040\000a\000\040\000f\000o\000r\000r\000\341\000s\000f\000\341\000j\000l\000o\000k}{chapter.4}% 43
\BOOKMARK [1][-]{section.4.7}{\376\377\000A\000l\000a\000p\000a\000d\000a\000t\000o\000k\000\040\000m\000e\000g\000a\000d\000\341\000s\000a}{chapter.4}% 44
\BOOKMARK [1][-]{section.4.8}{\376\377\000\332\000j\000\040\000f\000e\000j\000e\000z\000e\000t\000\040\000\355\000r\000\341\000s\000a}{chapter.4}% 45
\BOOKMARK [1][-]{section.4.9}{\376\377\000D\000e\000f\000i\000n\000\355\000c\000i\000\363\000k\000,\000\040\000t\000\351\000t\000e\000l\000e\000k\000,\000\040\000p\000\351\000l\000d\000\341\000k}{chapter.4}% 46
\BOOKMARK [0][-]{chapter*.10}{\376\377\000K\000\366\000s\000z\000\366\000n\000e\000t\000n\000y\000i\000l\000v\000\341\000n\000\355\000t\000\341\000s}{}% 47
\BOOKMARK [0][-]{chapter*.10}{\376\377\000I\000r\000o\000d\000a\000l\000o\000m\000j\000e\000g\000y\000z\000\351\000k}{}% 48
\BOOKMARK [0][-]{appendix*.12}{\376\377\000F\000\374\000g\000g\000e\000l\000\351\000k}{}% 49
\BOOKMARK [1][-]{section.F.1}{\376\377\000A\000\040\000T\000e\000X\000s\000t\000u\000d\000i\000o\000\040\000f\000e\000l\000\374\000l\000e\000t\000e}{appendix*.12}% 50
\BOOKMARK [1][-]{section.F.2}{\376\377\000V\000\341\000l\000a\000s\000z\000\040\000a\000z\000\040\000,\000,\000\311\000l\000e\000t\000,\000\040\000a\000\040\000v\000i\000l\000\341\000g\000m\000i\000n\000d\000e\000n\000s\000\351\000g\000,\000\040\000m\000e\000g\000\040\000m\000i\000n\000d\000e\000n\000'\000'\000\040\000k\000\351\000r\000d\000\351\000s\000\351\000r\000e}{appendix*.12}% 51
